<?xml version="1.0" encoding="UTF-8"?>
<!-- Generated by org.testng.reporters.JUnitXMLReporter -->
<testsuite ignored="0" hostname="DESKTOP-MM72A1T" failures="0" tests="13" name="Test" time="385.535" errors="0" timestamp="2021-09-27T11:18:25 IST">
  <testcase classname="com.UrbanLadderCompProject.runner.HomePageRunner" name="Subskribe" time="24.065"/>
  <testcase classname="com.UrbanLadderCompProject.runner.HomePageRunner" name="Subskribe" time="21.205"/>
  <testcase classname="com.UrbanLadderCompProject.runner.HomePageRunner" name="Subskribe" time="20.697"/>
  <testcase classname="com.UrbanLadderCompProject.runner.HomePageRunner" name="ShoeRackProps" time="24.331"/>
  <testcase classname="com.UrbanLadderCompProject.runner.HomePageRunner" name="ClickingCheckBoxes" time="30.663"/>
  <testcase classname="com.UrbanLadderCompProject.runner.HomePageRunner" name="YouTubeViewsCount" time="35.514"/>
  <testcase classname="com.UrbanLadderCompProject.runner.HomePageRunner" name="GiftCards" time="27.146"/>
  <testcase classname="com.UrbanLadderCompProject.runner.HomePageRunner" name="CountOfItem" time="32.166"/>
  <testcase classname="com.UrbanLadderCompProject.runner.HomePageRunner" name="ChatBox" time="32.363"/>
  <testcase classname="com.UrbanLadderCompProject.runner.HomePageRunner" name="CheckOut" time="42.216"/>
  <testcase classname="com.UrbanLadderCompProject.runner.HomePageRunner" name="OrderCheck" time="25.823"/>
  <testcase classname="com.UrbanLadderCompProject.runner.HomePageRunner" name="OrderCheck" time="25.617"/>
  <testcase classname="com.UrbanLadderCompProject.runner.HomePageRunner" name="Warranty" time="25.19"/>
</testsuite> <!-- Test -->
