<?xml version="1.0" encoding="UTF-8"?>
<testng-results ignored="0" total="13" passed="13" failed="0" skipped="0">
  <reporter-output>
  </reporter-output>
  <suite started-at="2021-09-27T11:11:59 IST" name="Suite" finished-at="2021-09-27T11:18:25 IST" duration-ms="385535">
    <groups>
    </groups>
    <test started-at="2021-09-27T11:11:59 IST" name="Test" finished-at="2021-09-27T11:18:25 IST" duration-ms="385535">
      <class name="com.UrbanLadderCompProject.runner.HomePageRunner">
        <test-method signature="Subskribe(java.lang.String)[pri:0, instance:com.UrbanLadderCompProject.runner.HomePageRunner@5a56cdac]" started-at="2021-09-27T11:12:01 IST" name="Subskribe" data-provider="getData" finished-at="2021-09-27T11:12:25 IST" duration-ms="24065" status="PASS">
          <params>
            <param index="0">
              <value>
                <![CDATA[adsf]]>
              </value>
            </param>
          </params>
          <reporter-output>
          </reporter-output>
        </test-method> <!-- Subskribe -->
        <test-method is-config="true" signature="DriverClose()[pri:0, instance:com.UrbanLadderCompProject.runner.HomePageRunner@5a56cdac]" started-at="2021-09-27T11:12:25 IST" name="DriverClose" finished-at="2021-09-27T11:12:27 IST" duration-ms="1473" status="PASS">
          <reporter-output>
          </reporter-output>
        </test-method> <!-- DriverClose -->
        <test-method signature="Subskribe(java.lang.String)[pri:0, instance:com.UrbanLadderCompProject.runner.HomePageRunner@5a56cdac]" started-at="2021-09-27T11:12:27 IST" name="Subskribe" data-provider="getData" finished-at="2021-09-27T11:12:48 IST" duration-ms="21205" status="PASS">
          <params>
            <param index="0">
              <value>
                <![CDATA[hdg]]>
              </value>
            </param>
          </params>
          <reporter-output>
          </reporter-output>
        </test-method> <!-- Subskribe -->
        <test-method is-config="true" signature="DriverClose()[pri:0, instance:com.UrbanLadderCompProject.runner.HomePageRunner@5a56cdac]" started-at="2021-09-27T11:12:48 IST" name="DriverClose" finished-at="2021-09-27T11:12:50 IST" duration-ms="1402" status="PASS">
          <reporter-output>
          </reporter-output>
        </test-method> <!-- DriverClose -->
        <test-method signature="Subskribe(java.lang.String)[pri:0, instance:com.UrbanLadderCompProject.runner.HomePageRunner@5a56cdac]" started-at="2021-09-27T11:12:50 IST" name="Subskribe" data-provider="getData" finished-at="2021-09-27T11:13:10 IST" duration-ms="20697" status="PASS">
          <params>
            <param index="0">
              <value>
                <![CDATA[abcd@gmail.com]]>
              </value>
            </param>
          </params>
          <reporter-output>
          </reporter-output>
        </test-method> <!-- Subskribe -->
        <test-method is-config="true" signature="DriverClose()[pri:0, instance:com.UrbanLadderCompProject.runner.HomePageRunner@5a56cdac]" started-at="2021-09-27T11:13:10 IST" name="DriverClose" finished-at="2021-09-27T11:13:12 IST" duration-ms="1255" status="PASS">
          <reporter-output>
          </reporter-output>
        </test-method> <!-- DriverClose -->
        <test-method signature="ShoeRackProps()[pri:1, instance:com.UrbanLadderCompProject.runner.HomePageRunner@5a56cdac]" started-at="2021-09-27T11:13:12 IST" name="ShoeRackProps" finished-at="2021-09-27T11:13:36 IST" duration-ms="24331" status="PASS">
          <reporter-output>
          </reporter-output>
        </test-method> <!-- ShoeRackProps -->
        <test-method is-config="true" signature="DriverClose()[pri:0, instance:com.UrbanLadderCompProject.runner.HomePageRunner@5a56cdac]" started-at="2021-09-27T11:13:36 IST" name="DriverClose" finished-at="2021-09-27T11:13:37 IST" duration-ms="1146" status="PASS">
          <reporter-output>
          </reporter-output>
        </test-method> <!-- DriverClose -->
        <test-method signature="ClickingCheckBoxes()[pri:2, instance:com.UrbanLadderCompProject.runner.HomePageRunner@5a56cdac]" started-at="2021-09-27T11:13:37 IST" name="ClickingCheckBoxes" finished-at="2021-09-27T11:14:08 IST" duration-ms="30663" status="PASS">
          <reporter-output>
          </reporter-output>
        </test-method> <!-- ClickingCheckBoxes -->
        <test-method is-config="true" signature="DriverClose()[pri:0, instance:com.UrbanLadderCompProject.runner.HomePageRunner@5a56cdac]" started-at="2021-09-27T11:14:08 IST" name="DriverClose" finished-at="2021-09-27T11:14:09 IST" duration-ms="1133" status="PASS">
          <reporter-output>
          </reporter-output>
        </test-method> <!-- DriverClose -->
        <test-method signature="YouTubeViewsCount()[pri:3, instance:com.UrbanLadderCompProject.runner.HomePageRunner@5a56cdac]" started-at="2021-09-27T11:14:09 IST" name="YouTubeViewsCount" finished-at="2021-09-27T11:14:44 IST" duration-ms="35514" status="PASS">
          <reporter-output>
          </reporter-output>
        </test-method> <!-- YouTubeViewsCount -->
        <test-method is-config="true" signature="DriverClose()[pri:0, instance:com.UrbanLadderCompProject.runner.HomePageRunner@5a56cdac]" started-at="2021-09-27T11:14:44 IST" name="DriverClose" finished-at="2021-09-27T11:14:45 IST" duration-ms="1132" status="PASS">
          <reporter-output>
          </reporter-output>
        </test-method> <!-- DriverClose -->
        <test-method signature="GiftCards()[pri:4, instance:com.UrbanLadderCompProject.runner.HomePageRunner@5a56cdac]" started-at="2021-09-27T11:14:45 IST" name="GiftCards" finished-at="2021-09-27T11:15:13 IST" duration-ms="27146" status="PASS">
          <reporter-output>
          </reporter-output>
        </test-method> <!-- GiftCards -->
        <test-method is-config="true" signature="DriverClose()[pri:0, instance:com.UrbanLadderCompProject.runner.HomePageRunner@5a56cdac]" started-at="2021-09-27T11:15:13 IST" name="DriverClose" finished-at="2021-09-27T11:15:14 IST" duration-ms="1101" status="PASS">
          <reporter-output>
          </reporter-output>
        </test-method> <!-- DriverClose -->
        <test-method signature="CountOfItem()[pri:5, instance:com.UrbanLadderCompProject.runner.HomePageRunner@5a56cdac]" started-at="2021-09-27T11:15:14 IST" name="CountOfItem" finished-at="2021-09-27T11:15:46 IST" duration-ms="32166" status="PASS">
          <reporter-output>
          </reporter-output>
        </test-method> <!-- CountOfItem -->
        <test-method is-config="true" signature="DriverClose()[pri:0, instance:com.UrbanLadderCompProject.runner.HomePageRunner@5a56cdac]" started-at="2021-09-27T11:15:46 IST" name="DriverClose" finished-at="2021-09-27T11:15:47 IST" duration-ms="1063" status="PASS">
          <reporter-output>
          </reporter-output>
        </test-method> <!-- DriverClose -->
        <test-method signature="ChatBox()[pri:6, instance:com.UrbanLadderCompProject.runner.HomePageRunner@5a56cdac]" started-at="2021-09-27T11:15:47 IST" name="ChatBox" finished-at="2021-09-27T11:16:19 IST" duration-ms="32363" status="PASS">
          <reporter-output>
          </reporter-output>
        </test-method> <!-- ChatBox -->
        <test-method is-config="true" signature="DriverClose()[pri:0, instance:com.UrbanLadderCompProject.runner.HomePageRunner@5a56cdac]" started-at="2021-09-27T11:16:19 IST" name="DriverClose" finished-at="2021-09-27T11:16:20 IST" duration-ms="1057" status="PASS">
          <reporter-output>
          </reporter-output>
        </test-method> <!-- DriverClose -->
        <test-method signature="CheckOut()[pri:7, instance:com.UrbanLadderCompProject.runner.HomePageRunner@5a56cdac]" started-at="2021-09-27T11:16:20 IST" name="CheckOut" finished-at="2021-09-27T11:17:03 IST" duration-ms="42216" status="PASS">
          <reporter-output>
          </reporter-output>
        </test-method> <!-- CheckOut -->
        <test-method is-config="true" signature="DriverClose()[pri:0, instance:com.UrbanLadderCompProject.runner.HomePageRunner@5a56cdac]" started-at="2021-09-27T11:17:03 IST" name="DriverClose" finished-at="2021-09-27T11:17:04 IST" duration-ms="1660" status="PASS">
          <reporter-output>
          </reporter-output>
        </test-method> <!-- DriverClose -->
        <test-method signature="OrderCheck(java.lang.String,java.lang.String)[pri:8, instance:com.UrbanLadderCompProject.runner.HomePageRunner@5a56cdac]" started-at="2021-09-27T11:17:04 IST" name="OrderCheck" data-provider="GetData" finished-at="2021-09-27T11:17:30 IST" duration-ms="25823" status="PASS">
          <params>
            <param index="0">
              <value>
                <![CDATA[U1]]>
              </value>
            </param>
            <param index="1">
              <value>
                <![CDATA[P1]]>
              </value>
            </param>
          </params>
          <reporter-output>
          </reporter-output>
        </test-method> <!-- OrderCheck -->
        <test-method is-config="true" signature="DriverClose()[pri:0, instance:com.UrbanLadderCompProject.runner.HomePageRunner@5a56cdac]" started-at="2021-09-27T11:17:30 IST" name="DriverClose" finished-at="2021-09-27T11:17:31 IST" duration-ms="1204" status="PASS">
          <reporter-output>
          </reporter-output>
        </test-method> <!-- DriverClose -->
        <test-method signature="OrderCheck(java.lang.String,java.lang.String)[pri:8, instance:com.UrbanLadderCompProject.runner.HomePageRunner@5a56cdac]" started-at="2021-09-27T11:17:31 IST" name="OrderCheck" data-provider="GetData" finished-at="2021-09-27T11:17:57 IST" duration-ms="25617" status="PASS">
          <params>
            <param index="0">
              <value>
                <![CDATA[U2]]>
              </value>
            </param>
            <param index="1">
              <value>
                <![CDATA[P2]]>
              </value>
            </param>
          </params>
          <reporter-output>
          </reporter-output>
        </test-method> <!-- OrderCheck -->
        <test-method is-config="true" signature="DriverClose()[pri:0, instance:com.UrbanLadderCompProject.runner.HomePageRunner@5a56cdac]" started-at="2021-09-27T11:17:57 IST" name="DriverClose" finished-at="2021-09-27T11:17:58 IST" duration-ms="1215" status="PASS">
          <reporter-output>
          </reporter-output>
        </test-method> <!-- DriverClose -->
        <test-method signature="Warranty()[pri:9, instance:com.UrbanLadderCompProject.runner.HomePageRunner@5a56cdac]" started-at="2021-09-27T11:17:58 IST" name="Warranty" finished-at="2021-09-27T11:18:23 IST" duration-ms="25190" status="PASS">
          <reporter-output>
          </reporter-output>
        </test-method> <!-- Warranty -->
        <test-method is-config="true" signature="DriverClose()[pri:0, instance:com.UrbanLadderCompProject.runner.HomePageRunner@5a56cdac]" started-at="2021-09-27T11:18:23 IST" name="DriverClose" finished-at="2021-09-27T11:18:25 IST" duration-ms="1484" status="PASS">
          <reporter-output>
          </reporter-output>
        </test-method> <!-- DriverClose -->
      </class> <!-- com.UrbanLadderCompProject.runner.HomePageRunner -->
    </test> <!-- Test -->
  </suite> <!-- Suite -->
</testng-results>
